{"id":"1777309281523","ip":"::1","level":"info","message":"Checkin created","timestamp":"2026-04-27T17:01:21.524Z"}
{"id":"1777312431966","ip":"::1","level":"info","message":"Checkin created","timestamp":"2026-04-27T17:53:51.968Z"}
{"id":"1777312672384","ip":"::1","level":"info","message":"Checkin created","timestamp":"2026-04-27T17:57:52.391Z"}
{"id":"1777314451994","ip":"::1","level":"info","message":"Checkin created","timestamp":"2026-04-27T18:27:31.995Z"}
{"id":"1777467231078","ip":"::1","level":"info","message":"Checkin created","timestamp":"2026-04-29T12:53:51.079Z"}
{"id":"1777467282749","ip":"::1","level":"info","message":"Checkin created","timestamp":"2026-04-29T12:54:42.750Z"}
{"id":"1777468231953","ip":"::1","level":"info","message":"Checkin created","timestamp":"2026-04-29T13:10:31.953Z"}
{"id":"1777470413579","ip":"::1","level":"info","message":"Checkin created","timestamp":"2026-04-29T13:46:53.579Z"}
{"id":"1777470932194","ip":"::1","level":"info","message":"Checkin created","timestamp":"2026-04-29T13:55:32.194Z"}
{"id":"1777470992831","ip":"::1","level":"info","message":"Checkin created","timestamp":"2026-04-29T13:56:32.832Z"}
{"id":"1777471306936","ip":"::1","level":"info","message":"Checkin created","timestamp":"2026-04-29T14:01:46.936Z"}
{"id":"1777471329994","ip":"::1","level":"info","message":"Checkin created","timestamp":"2026-04-29T14:02:09.995Z"}
{"id":"1777471371005","ip":"::1","level":"info","message":"Checkin created","timestamp":"2026-04-29T14:02:51.006Z"}
{"id":"1777471413092","ip":"::1","level":"info","message":"Checkin created","timestamp":"2026-04-29T14:03:33.093Z"}
{"id":"1777476920777","ip":"::1","level":"info","message":"Checkin created","timestamp":"2026-04-29T15:35:20.777Z"}
{"id":"1777477829812","ip":"::1","level":"info","message":"Checkin created","timestamp":"2026-04-29T15:50:29.812Z"}
{"id":"1777548588118","ip":"::1","level":"info","message":"Checkin created","timestamp":"2026-04-30T11:29:48.118Z"}
{"id":"1777549327830","ip":"::1","level":"info","message":"Checkin created","timestamp":"2026-04-30T11:42:07.831Z"}
{"id":"1777551958171","ip":"::1","level":"info","message":"Checkin created","timestamp":"2026-04-30T12:25:58.171Z"}
{"id":"1777556870803","ip":"::1","level":"info","message":"Checkin created","timestamp":"2026-04-30T13:47:50.804Z"}
{"id":"1777817992547","ip":"::1","level":"info","message":"Checkin created","timestamp":"2026-05-03T14:19:52.548Z"}
{"id":"1777909289662","ip":"::1","level":"info","message":"Checkin created","timestamp":"2026-05-04T15:41:29.663Z"}
{"id":"1777987119599","ip":"::1","level":"info","message":"Checkin created","timestamp":"2026-05-05T13:18:39.600Z"}
{"id":"1778250357313","ip":"::1","level":"info","message":"Checkin created","timestamp":"2026-05-08T14:25:57.314Z"}
{"error":"\nInvalid `__TURBOPACK__imported__module__$5b$project$5d2f$lib$2f$prisma$2e$ts__$5b$app$2d$route$5d$__$28$ecmascript$29$__[\"prisma\"].journalEntry.create()` invocation in\nC:\\Users\\USER\\tenang.in\\.next\\dev\\server\\chunks\\[root-of-the-server]__05.i1bf._.js:368:173\n\n  365 const { risk, score } = (0, __TURBOPACK__imported__module__$5b$project$5d2f$lib$2f$services$2f$checkinService$2e$ts__$5b$app$2d$route$5d$__$28$ecmascript$29$__[\"calculateBurnout\"])(sleep, workload);\n  366 const insight = (0, __TURBOPACK__imported__module__$5b$project$5d2f$lib$2f$services$2f$checkinService$2e$ts__$5b$app$2d$route$5d$__$28$ecmascript$29$__[\"generateInsight\"])(risk);\n  367 // SIMPAN DATABASE\n→ 368 const createdJournal = await __TURBOPACK__imported__module__$5b$project$5d2f$lib$2f$prisma$2e$ts__$5b$app$2d$route$5d$__$28$ecmascript$29$__[\"prisma\"].journalEntry.create({\n        data: {\n          userId: \"0b345d81-950b-4441-8557-52279785d6b0\",\n          tanggal: new Date(\"2026-05-17T14:53:08.050Z\"),\n          teksJurnal: \"FGHJKL\",\n          jamTidur: 6,\n          bebanKerja: NaN,\n          mood: NaN,\n      +   user: {\n      +     create: UserCreateWithoutJournalsInput | UserUncheckedCreateWithoutJournalsInput,\n      +     connectOrCreate: UserCreateOrConnectWithoutJournalsInput,\n      +     connect: UserWhereUniqueInput\n      +   }\n        }\n      })\n\nArgument `user` is missing.","level":"error","message":"Checkin error","timestamp":"2026-05-17T14:53:08.075Z"}
{"error":"\nInvalid `__TURBOPACK__imported__module__$5b$project$5d2f$lib$2f$prisma$2e$ts__$5b$app$2d$route$5d$__$28$ecmascript$29$__[\"prisma\"].journalEntry.create()` invocation in\nC:\\Users\\USER\\tenang.in\\.next\\dev\\server\\chunks\\[root-of-the-server]__05.i1bf._.js:368:173\n\n  365 const { risk, score } = (0, __TURBOPACK__imported__module__$5b$project$5d2f$lib$2f$services$2f$checkinService$2e$ts__$5b$app$2d$route$5d$__$28$ecmascript$29$__[\"calculateBurnout\"])(sleep, workload);\n  366 const insight = (0, __TURBOPACK__imported__module__$5b$project$5d2f$lib$2f$services$2f$checkinService$2e$ts__$5b$app$2d$route$5d$__$28$ecmascript$29$__[\"generateInsight\"])(risk);\n  367 // SIMPAN DATABASE\n→ 368 const createdJournal = await __TURBOPACK__imported__module__$5b$project$5d2f$lib$2f$prisma$2e$ts__$5b$app$2d$route$5d$__$28$ecmascript$29$__[\"prisma\"].journalEntry.create({\n        data: {\n          userId: \"0b345d81-950b-4441-8557-52279785d6b0\",\n          tanggal: new Date(\"2026-05-17T14:53:16.169Z\"),\n          teksJurnal: \"FGHJKL\",\n          jamTidur: 6,\n          bebanKerja: NaN,\n          mood: NaN,\n      +   user: {\n      +     create: UserCreateWithoutJournalsInput | UserUncheckedCreateWithoutJournalsInput,\n      +     connectOrCreate: UserCreateOrConnectWithoutJournalsInput,\n      +     connect: UserWhereUniqueInput\n      +   }\n        }\n      })\n\nArgument `user` is missing.","level":"error","message":"Checkin error","timestamp":"2026-05-17T14:53:16.174Z"}
{"id":"a55eb080-8bf8-4d3e-94a8-cbf6e3897f2e","ip":"::1","level":"info","message":"Checkin created","timestamp":"2026-05-17T15:14:27.368Z"}
{"id":"49b209af-fc1d-4f2c-8f2b-5143284df22b","ip":"::1","level":"info","message":"Checkin created","timestamp":"2026-05-18T17:46:03.856Z"}
{"id":"aee350a4-615d-4186-8657-3c7b84661d2f","ip":"::1","level":"info","message":"Checkin created","timestamp":"2026-05-18T18:22:16.765Z"}
{"error":"\nInvalid `__TURBOPACK__imported__module__$5b$project$5d2f$lib$2f$prisma$2e$ts__$5b$app$2d$route$5d$__$28$ecmascript$29$__[\"prisma\"].journalEntry.create()` invocation in\nC:\\Users\\USER\\tenang.in\\.next\\dev\\server\\chunks\\[root-of-the-server]__0bjeox.._.js:442:173\n\n  439 }\n  440 const { risk, score } = (0, __TURBOPACK__imported__module__$5b$project$5d2f$lib$2f$services$2f$checkinService$2e$ts__$5b$app$2d$route$5d$__$28$ecmascript$29$__[\"calculateBurnout\"])(sleep, workload);\n  441 const insight = (0, __TURBOPACK__imported__module__$5b$project$5d2f$lib$2f$services$2f$checkinService$2e$ts__$5b$app$2d$route$5d$__$28$ecmascript$29$__[\"generateInsight\"])(risk);\n→ 442 const createdJournal = await __TURBOPACK__imported__module__$5b$project$5d2f$lib$2f$prisma$2e$ts__$5b$app$2d$route$5d$__$28$ecmascript$29$__[\"prisma\"].journalEntry.create(\nForeign key constraint violated: `JournalEntry_userId_fkey (index)`","level":"error","message":"Checkin error","timestamp":"2026-05-18T18:39:19.733Z"}
{"id":"80af7e4e-7740-4123-b958-0a92885b201b","ip":"::1","level":"info","message":"Checkin created","timestamp":"2026-05-18T18:39:39.973Z"}
{"ip":"::1","level":"info","message":"CHECKIN CREATED","timestamp":"2026-05-18T20:02:45.531Z","userId":"6ef59f1e-fe19-4b31-9085-1dde3da6f475"}
{"ip":"::1","level":"info","message":"CHECKIN CREATED","timestamp":"2026-05-18T20:05:49.457Z","userId":"6ef59f1e-fe19-4b31-9085-1dde3da6f475"}
{"ip":"::1","level":"info","message":"CHECKIN CREATED","timestamp":"2026-05-19T08:02:52.717Z","userId":"1be3e314-643b-4317-85d2-eeaf7706d415"}
{"ip":"::1","level":"info","message":"CHECKIN CREATED","timestamp":"2026-05-19T13:07:10.053Z","userId":"1be3e314-643b-4317-85d2-eeaf7706d415"}
{"ip":"::1","level":"info","message":"CHECKIN CREATED","timestamp":"2026-05-19T13:37:29.697Z","userId":"1be3e314-643b-4317-85d2-eeaf7706d415"}
{"ip":"::1","level":"info","message":"CHECKIN CREATED","timestamp":"2026-05-19T13:42:56.978Z","userId":"1be3e314-643b-4317-85d2-eeaf7706d415"}
{"ip":"::1","level":"info","message":"CHECKIN CREATED","timestamp":"2026-05-20T02:06:44.517Z","userId":"3938d791-b904-4419-806e-2c404b43749e"}
{"ip":"::1","level":"info","message":"CHECKIN CREATED","timestamp":"2026-05-20T02:07:35.917Z","userId":"1be3e314-643b-4317-85d2-eeaf7706d415"}
{"ip":"::1","level":"info","message":"CHECKIN CREATED","timestamp":"2026-05-20T02:25:42.768Z","userId":"e49a6cec-d39f-4201-b837-b3b44a808128"}
{"ip":"::1","level":"info","message":"CHECKIN CREATED","timestamp":"2026-05-20T02:27:35.258Z","userId":"1be3e314-643b-4317-85d2-eeaf7706d415"}
{"ip":"::1","level":"info","message":"CHECKIN CREATED","timestamp":"2026-05-20T11:17:48.913Z","userId":"1be3e314-643b-4317-85d2-eeaf7706d415"}
{"ip":"::1","level":"info","message":"CHECKIN CREATED","timestamp":"2026-05-20T11:26:44.318Z","userId":"1be3e314-643b-4317-85d2-eeaf7706d415"}
